# JRE version: Java(TM) SE Runtime Environment (8.0_171-b11) (build 1.8.0_171-b11)
# Java VM: Java HotSpot(TM) 64-Bit Server VM (25.171-b11 mixed mode windows-amd64 compressed oops)
Heap:
 garbage-first heap   total 297984K, used 165888K [0x00000000c0000000, 0x00000000c0100918, 0x0000000100000000)
  region size 1024K, 78 young (79872K), 3 survivors (3072K)
 Metaspace       used 51940K, capacity 54720K, committed 54812K, reserved 1097728K
  class space    used 5278K, capacity 6164K, committed 6220K, reserved 1048576K
GC Heap History (10 events):
Event: 413.919 GC heap before
{Heap before GC invocations=33 (full 0):
 garbage-first heap   total 259072K, used 209408K [0x00000000c0000000, 0x00000000c01007e8, 0x0000000100000000)
  region size 1024K, 97 young (99328K), 6 survivors (6144K)
 Metaspace       used 46663K, capacity 49242K, committed 49436K, reserved 1093632K
  class space    used 4839K, capacity 5626K, committed 5708K, reserved 1048576K
Event: 413.945 GC heap after
Heap after GC invocations=34 (full 0):
 garbage-first heap   total 270336K, used 72703K [0x00000000c0000000, 0x00000000c0100840, 0x0000000100000000)
  region size 1024K, 11 young (11264K), 11 survivors (11264K)
 Metaspace       used 46663K, capacity 49242K, committed 49436K, reserved 1093632K
  class space    used 4839K, capacity 5626K, committed 5708K, reserved 1048576K
}
Event: 414.076 GC heap before
{Heap before GC invocations=34 (full 0):
 garbage-first heap   total 270336K, used 74751K [0x00000000c0000000, 0x00000000c0100840, 0x0000000100000000)
  region size 1024K, 13 young (13312K), 11 survivors (11264K)
 Metaspace       used 46680K, capacity 49242K, committed 49436K, reserved 1093632K
  class space    used 4839K, capacity 5626K, committed 5708K, reserved 1048576K
Event: 414.086 GC heap after
Heap after GC invocations=35 (full 0):
 garbage-first heap   total 270336K, used 63881K [0x00000000c0000000, 0x00000000c0100840, 0x0000000100000000)
  region size 1024K, 2 young (2048K), 2 survivors (2048K)
 Metaspace       used 46680K, capacity 49242K, committed 49436K, reserved 1093632K
  class space    used 4839K, capacity 5626K, committed 5708K, reserved 1048576K
}
Event: 415.151 GC heap before
{Heap before GC invocations=35 (full 0):
 garbage-first heap   total 270336K, used 130852K [0x00000000c0000000, 0x00000000c0100840, 0x0000000100000000)
  region size 1024K, 23 young (23552K), 2 survivors (2048K)
 Metaspace       used 48436K, capacity 51328K, committed 51484K, reserved 1095680K
  class space    used 5070K, capacity 5958K, committed 5964K, reserved 1048576K
Event: 415.159 GC heap after
Heap after GC invocations=36 (full 0):
 garbage-first heap   total 270336K, used 79582K [0x00000000c0000000, 0x00000000c0100840, 0x0000000100000000)
  region size 1024K, 4 young (4096K), 4 survivors (4096K)
 Metaspace       used 48436K, capacity 51328K, committed 51484K, reserved 1095680K
  class space    used 5070K, capacity 5958K, committed 5964K, reserved 1048576K
}
Event: 416.540 GC heap before
{Heap before GC invocations=37 (full 0):
 garbage-first heap   total 270336K, used 242912K [0x00000000c0000000, 0x00000000c0100840, 0x0000000100000000)
  region size 1024K, 149 young (152576K), 4 survivors (4096K)
 Metaspace       used 50116K, capacity 52872K, committed 53148K, reserved 1095680K
  class space    used 5184K, capacity 6064K, committed 6092K, reserved 1048576K
Event: 416.607 GC heap after
Heap after GC invocations=38 (full 0):
 garbage-first heap   total 297984K, used 106845K [0x00000000c0000000, 0x00000000c0100918, 0x0000000100000000)
  region size 1024K, 19 young (19456K), 19 survivors (19456K)
 Metaspace       used 50116K, capacity 52872K, committed 53148K, reserved 1095680K
  class space    used 5184K, capacity 6064K, committed 6092K, reserved 1048576K
}
Event: 416.741 GC heap before
{Heap before GC invocations=38 (full 0):
 garbage-first heap   total 297984K, used 107869K [0x00000000c0000000, 0x00000000c0100918, 0x0000000100000000)
  region size 1024K, 20 young (20480K), 19 survivors (19456K)
 Metaspace       used 50308K, capacity 53098K, committed 53276K, reserved 1095680K
  class space    used 5200K, capacity 6097K, committed 6220K, reserved 1048576K
Event: 416.769 GC heap after
Heap after GC invocations=39 (full 0):
 garbage-first heap   total 297984K, used 90112K [0x00000000c0000000, 0x00000000c0100918, 0x0000000100000000)
  region size 1024K, 3 young (3072K), 3 survivors (3072K)
 Metaspace       used 50308K, capacity 53098K, committed 53276K, reserved 1095680K
  class space    used 5200K, capacity 6097K, committed 6220K, reserved 1048576K
}

